<?xml version="1.0" encoding="UTF-8"?>
<testng-results ignored="0" total="2" passed="2" failed="0" skipped="0">
  <reporter-output>
  </reporter-output>
  <suite started-at="2025-01-19T19:40:10 IST" name="Default suite" finished-at="2025-01-19T19:40:19 IST" duration-ms="8775">
    <groups>
    </groups>
    <test started-at="2025-01-19T19:40:10 IST" name="Default test" finished-at="2025-01-19T19:40:19 IST" duration-ms="8775">
      <class name="tests.LoginTests">
        <test-method is-config="true" signature="setup()[pri:0, instance:tests.LoginTests@3e694b3f]" started-at="2025-01-19T19:40:10 IST" name="setup" finished-at="2025-01-19T19:40:16 IST" duration-ms="6025" status="PASS">
          <reporter-output>
          </reporter-output>
        </test-method> <!-- setup -->
        <test-method signature="testInvalidLogin()[pri:0, instance:tests.LoginTests@3e694b3f]" started-at="2025-01-19T19:40:16 IST" name="testInvalidLogin" finished-at="2025-01-19T19:40:18 IST" duration-ms="1328" status="PASS">
          <reporter-output>
          </reporter-output>
        </test-method> <!-- testInvalidLogin -->
        <test-method signature="testValidLogin()[pri:0, instance:tests.LoginTests@3e694b3f]" started-at="2025-01-19T19:40:18 IST" name="testValidLogin" finished-at="2025-01-19T19:40:19 IST" duration-ms="1260" status="PASS">
          <reporter-output>
          </reporter-output>
        </test-method> <!-- testValidLogin -->
        <test-method is-config="true" signature="teardown()[pri:0, instance:tests.LoginTests@3e694b3f]" started-at="2025-01-19T19:40:19 IST" name="teardown" finished-at="2025-01-19T19:40:19 IST" duration-ms="137" status="PASS">
          <reporter-output>
          </reporter-output>
        </test-method> <!-- teardown -->
      </class> <!-- tests.LoginTests -->
    </test> <!-- Default test -->
  </suite> <!-- Default suite -->
</testng-results>
